<?xml version="1.0" encoding="UTF-8"?>
<testng-results ignored="0" total="1" passed="1" failed="0" skipped="0">
  <reporter-output>
    <line>
      <![CDATA[<div "result">I initialize Browser (PASSED : 1s)</div>]]>
    </line>
    <line>
      <![CDATA[<div "result">I am executing &quot;NewUI_SiteCreditPrerequiste&quot; (PASSED : 0s)</div>]]>
    </line>
    <line>
      <![CDATA[<div "result">I navigate to &quot;NewUI&quot; application (PASSED : 5s)</div>]]>
    </line>
    <line>
      <![CDATA[<div "result">I log in to &quot;qcsavc&quot; New UI application with &quot;valid&quot; Credentials (PASSED : 6s)</div>]]>
    </line>
    <line>
      <![CDATA[<div "result">Get &quot;Cust_ID&quot; from API (PASSED : 3s)</div>]]>
    </line>
    <line>
      <![CDATA[<div "result">Get &quot;Vendor_ID&quot; from API (PASSED : 2s)</div>]]>
    </line>
    <line>
      <![CDATA[Successfully connected to database.....QCSA]]>
    </line>
    <line>
      <![CDATA[<div "result">Set Site Credit &quot;OFF&quot; (PASSED : 3s)</div>]]>
    </line>
    <line>
      <![CDATA[Successfully connected to database.....Automation]]>
    </line>
    <line>
      <![CDATA[<div "result">I close browser (PASSED : 5s)</div>]]>
    </line>
  </reporter-output>
  <suite started-at="2023-04-12T18:57:36 EDT" name="Default suite" finished-at="2023-04-12T18:58:11 EDT" duration-ms="34723">
    <groups>
      <group name="cucumber">
        <method signature="AbstractTestNGCucumberTests.runScenario(cucumber.api.testng.PickleEventWrapper, cucumber.api.testng.CucumberFeatureWrapper)[pri:0, instance:RunnerClass.TestRunner@496bc455]" name="runScenario" class="cucumber.api.testng.AbstractTestNGCucumberTests"/>
      </group> <!-- cucumber -->
    </groups>
    <test started-at="2023-04-12T18:57:36 EDT" name="Default test" finished-at="2023-04-12T18:58:11 EDT" duration-ms="34723">
      <class name="RunnerClass.TestRunner">
        <test-method is-config="true" signature="setUpClass()[pri:0, instance:RunnerClass.TestRunner@496bc455]" started-at="2023-04-12T18:57:36 EDT" name="setUpClass" finished-at="2023-04-12T18:57:37 EDT" duration-ms="232" status="PASS">
          <reporter-output>
          </reporter-output>
        </test-method> <!-- setUpClass -->
        <test-method signature="runScenario(cucumber.api.testng.PickleEventWrapper, cucumber.api.testng.CucumberFeatureWrapper)[pri:0, instance:RunnerClass.TestRunner@496bc455]" started-at="2023-04-12T18:57:37 EDT" name="runScenario" description="Runs Cucumber Scenarios" data-provider="scenarios" finished-at="2023-04-12T18:58:11 EDT" duration-ms="34212" status="PASS">
          <params>
            <param index="0">
              <value>
                <![CDATA["NewUI_SiteCreditPrerequiste"]]>
              </value>
            </param>
            <param index="1">
              <value>
                <![CDATA["Regression NewUI Site Credit Prerequisite Feature"]]>
              </value>
            </param>
          </params>
          <reporter-output>
            <line>
              <![CDATA[<div "result">I initialize Browser (PASSED : 1s)</div>]]>
            </line>
            <line>
              <![CDATA[<div "result">I am executing &quot;NewUI_SiteCreditPrerequiste&quot; (PASSED : 0s)</div>]]>
            </line>
            <line>
              <![CDATA[<div "result">I navigate to &quot;NewUI&quot; application (PASSED : 5s)</div>]]>
            </line>
            <line>
              <![CDATA[<div "result">I log in to &quot;qcsavc&quot; New UI application with &quot;valid&quot; Credentials (PASSED : 6s)</div>]]>
            </line>
            <line>
              <![CDATA[<div "result">Get &quot;Cust_ID&quot; from API (PASSED : 3s)</div>]]>
            </line>
            <line>
              <![CDATA[<div "result">Get &quot;Vendor_ID&quot; from API (PASSED : 2s)</div>]]>
            </line>
            <line>
              <![CDATA[Successfully connected to database.....QCSA]]>
            </line>
            <line>
              <![CDATA[<div "result">Set Site Credit &quot;OFF&quot; (PASSED : 3s)</div>]]>
            </line>
            <line>
              <![CDATA[Successfully connected to database.....Automation]]>
            </line>
            <line>
              <![CDATA[<div "result">I close browser (PASSED : 5s)</div>]]>
            </line>
          </reporter-output>
        </test-method> <!-- runScenario -->
        <test-method is-config="true" signature="tearDownClass()[pri:0, instance:RunnerClass.TestRunner@496bc455]" started-at="2023-04-12T18:58:11 EDT" name="tearDownClass" finished-at="2023-04-12T18:58:11 EDT" duration-ms="46" status="PASS">
          <reporter-output>
          </reporter-output>
        </test-method> <!-- tearDownClass -->
      </class> <!-- RunnerClass.TestRunner -->
    </test> <!-- Default test -->
  </suite> <!-- Default suite -->
</testng-results>
